2025-09-24 19:16:56,855 [INFO] Assets path configured: C:\Users\Administrator\PycharmProjects\Apps\Image_Converter\assets
2025-09-24 19:16:56,857 [INFO] Starting up TCP server on localhost:62122
2025-09-24 19:16:56,862 [INFO] Flet app has started...
2025-09-24 19:16:56,867 [INFO] App URL: tcp://localhost:62122
2025-09-24 19:16:56,867 [INFO] Starting Flet View app...
2025-09-24 19:16:56,868 [INFO] Looking for Flet executable at: C:\Users\Administrator\PycharmProjects\Flask_learning\Model_agency\.venv\Lib\site-packages\flet_desktop\app\flet\flet.exe
2025-09-24 19:16:56,868 [INFO] Flet View found in: C:\Users\Administrator\PycharmProjects\Flask_learning\Model_agency\.venv\Lib\site-packages\flet_desktop\app\flet\flet.exe
2025-09-24 19:16:57,052 [INFO] App session started
2025-09-24 19:17:13,446 [INFO] User triggered convert: dir=C:/Users/Administrator/Pictures/Saved Pictures, format=PNG, mask=Save
2025-09-24 19:17:13,449 [INFO] Start convert: dir=C:/Users/Administrator/Pictures/Saved Pictures, format=PNG, mask=Save
2025-09-24 19:17:13,568 [INFO] Converted: ref001.jpg -> Save001.png
2025-09-24 19:17:13,584 [INFO] Converted: ref002.jpg -> Save002.png
2025-09-24 19:17:13,614 [INFO] Converted: ref003.jpg -> Save003.png
2025-09-24 19:17:13,661 [INFO] Converted: ref004.jpg -> Save004.png
2025-09-24 19:17:13,661 [INFO] Finished. Stats={'renamed': 0, 'converted': 4, 'skipped': 0}
2025-09-24 19:17:13,662 [INFO] Done. Converted=4, Renamed=0, Skipped=0
2025-09-24 19:31:11,412 [INFO] Assets path configured: C:\Users\Administrator\PycharmProjects\Apps\Image_Converter\assets
2025-09-24 19:31:11,415 [INFO] Starting up TCP server on localhost:62377
2025-09-24 19:31:11,420 [INFO] Flet app has started...
2025-09-24 19:31:11,425 [INFO] App URL: tcp://localhost:62377
2025-09-24 19:31:11,425 [INFO] Starting Flet View app...
2025-09-24 19:31:11,426 [INFO] Looking for Flet executable at: C:\Users\Administrator\PycharmProjects\Flask_learning\Model_agency\.venv\Lib\site-packages\flet_desktop\app\flet\flet.exe
2025-09-24 19:31:11,426 [INFO] Flet View found in: C:\Users\Administrator\PycharmProjects\Flask_learning\Model_agency\.venv\Lib\site-packages\flet_desktop\app\flet\flet.exe
2025-09-24 19:31:11,614 [INFO] App session started
2025-09-24 19:35:48,648 [INFO] Assets path configured: C:\Users\Administrator\PycharmProjects\Apps\Image_Converter\assets
2025-09-24 19:35:48,650 [INFO] Starting up TCP server on localhost:62422
2025-09-24 19:35:48,656 [INFO] Flet app has started...
2025-09-24 19:35:48,661 [INFO] App URL: tcp://localhost:62422
2025-09-24 19:35:48,661 [INFO] Starting Flet View app...
2025-09-24 19:35:48,662 [INFO] Looking for Flet executable at: C:\Users\Administrator\PycharmProjects\Flask_learning\Model_agency\.venv\Lib\site-packages\flet_desktop\app\flet\flet.exe
2025-09-24 19:35:48,662 [INFO] Flet View found in: C:\Users\Administrator\PycharmProjects\Flask_learning\Model_agency\.venv\Lib\site-packages\flet_desktop\app\flet\flet.exe
2025-09-24 19:35:48,848 [INFO] App session started
2025-09-24 19:37:17,111 [INFO] User triggered convert: dir=C:/Users/Administrator/Pictures/Фото для рабочего стола, format=JPG, mask=Wallpaper
2025-09-24 19:37:17,127 [INFO] Start convert: dir=C:/Users/Administrator/Pictures/Фото для рабочего стола, format=JPG, mask=Wallpaper
2025-09-24 19:37:17,128 [INFO] Renamed: desktop001.jpg -> Wallpaper001.jpeg
2025-09-24 19:37:17,129 [INFO] Renamed: desktop002.jpg -> Wallpaper002.jpeg
2025-09-24 19:37:17,129 [INFO] Renamed: desktop003.jpg -> Wallpaper003.jpeg
2025-09-24 19:37:17,130 [INFO] Renamed: desktop004.jpg -> Wallpaper004.jpeg
2025-09-24 19:37:17,130 [INFO] Renamed: desktop005.jpg -> Wallpaper005.jpeg
2025-09-24 19:37:17,131 [INFO] Renamed: desktop006.jpg -> Wallpaper006.jpeg
2025-09-24 19:37:17,132 [INFO] Renamed: desktop007.jpg -> Wallpaper007.jpeg
2025-09-24 19:37:17,132 [INFO] Renamed: desktop008.jpg -> Wallpaper008.jpeg
2025-09-24 19:37:17,133 [INFO] Renamed: desktop009.jpg -> Wallpaper009.jpeg
2025-09-24 19:37:17,133 [INFO] Renamed: desktop010.jpg -> Wallpaper010.jpeg
2025-09-24 19:37:17,134 [INFO] Renamed: desktop011.jpg -> Wallpaper011.jpeg
2025-09-24 19:37:17,134 [INFO] Renamed: desktop012.jpg -> Wallpaper012.jpeg
2025-09-24 19:37:17,135 [INFO] Renamed: desktop013.jpg -> Wallpaper013.jpeg
2025-09-24 19:37:17,135 [INFO] Finished. Stats={'renamed': 13, 'converted': 0, 'skipped': 0}
2025-09-24 19:37:17,136 [INFO] Done. Converted=0, Renamed=13, Skipped=0
2025-09-24 19:41:21,697 [INFO] Assets path configured: C:\Users\Administrator\PycharmProjects\Apps\Image_Converter\assets
2025-09-24 19:41:21,700 [INFO] Starting up TCP server on localhost:62571
2025-09-24 19:41:21,706 [INFO] Flet app has started...
2025-09-24 19:41:21,711 [INFO] App URL: tcp://localhost:62571
2025-09-24 19:41:21,711 [INFO] Starting Flet View app...
2025-09-24 19:41:21,712 [INFO] Looking for Flet executable at: C:\Users\Administrator\PycharmProjects\Flask_learning\Model_agency\.venv\Lib\site-packages\flet_desktop\app\flet\flet.exe
2025-09-24 19:41:21,712 [INFO] Flet View found in: C:\Users\Administrator\PycharmProjects\Flask_learning\Model_agency\.venv\Lib\site-packages\flet_desktop\app\flet\flet.exe
2025-09-24 19:41:21,912 [INFO] App session started
2025-09-24 20:28:19,586 [INFO] Assets path configured: C:\Users\Administrator\PycharmProjects\Apps\Image_Converter\assets
2025-09-24 20:28:19,589 [INFO] Starting up TCP server on localhost:63459
2025-09-24 20:28:19,594 [INFO] Flet app has started...
2025-09-24 20:28:19,599 [INFO] App URL: tcp://localhost:63459
2025-09-24 20:28:19,599 [INFO] Starting Flet View app...
2025-09-24 20:28:19,600 [INFO] Looking for Flet executable at: C:\Users\Administrator\PycharmProjects\Flask_learning\Model_agency\.venv\Lib\site-packages\flet_desktop\app\flet\flet.exe
2025-09-24 20:28:19,600 [INFO] Flet View found in: C:\Users\Administrator\PycharmProjects\Flask_learning\Model_agency\.venv\Lib\site-packages\flet_desktop\app\flet\flet.exe
2025-09-24 20:28:19,791 [INFO] App session started
